2023-01-14 19:27:53,477 INFO o.a.j.u.JMeterUtils: Setting Locale to en_EN
2023-01-14 19:27:53,510 INFO o.a.j.JMeter: Loading user properties from: user.properties
2023-01-14 19:27:53,516 INFO o.a.j.JMeter: Loading system properties from: system.properties
2023-01-14 19:27:53,525 INFO o.a.j.JMeter: Copyright (c) 1998-2022 The Apache Software Foundation
2023-01-14 19:27:53,525 INFO o.a.j.JMeter: Version 5.5
2023-01-14 19:27:53,526 INFO o.a.j.JMeter: java.version=11.0.17
2023-01-14 19:27:53,527 INFO o.a.j.JMeter: java.vm.name=OpenJDK 64-Bit Server VM
2023-01-14 19:27:53,527 INFO o.a.j.JMeter: os.name=Linux
2023-01-14 19:27:53,528 INFO o.a.j.JMeter: os.arch=amd64
2023-01-14 19:27:53,528 INFO o.a.j.JMeter: os.version=5.15.79.1-microsoft-standard-WSL2
2023-01-14 19:27:53,528 INFO o.a.j.JMeter: file.encoding=UTF-8
2023-01-14 19:27:53,529 INFO o.a.j.JMeter: java.awt.headless=true
2023-01-14 19:27:53,530 INFO o.a.j.JMeter: Max memory     =1073741824
2023-01-14 19:27:53,530 INFO o.a.j.JMeter: Available Processors =8
2023-01-14 19:27:53,540 INFO o.a.j.JMeter: Default Locale=English (EN)
2023-01-14 19:27:53,541 INFO o.a.j.JMeter: JMeter  Locale=English (EN)
2023-01-14 19:27:53,541 INFO o.a.j.JMeter: JMeterHome=/mnt/d/uni/4ano/ASCN/projeto/ghost-cloud/jmeter
2023-01-14 19:27:53,542 INFO o.a.j.JMeter: user.dir  =/mnt/d/uni/4ano/ASCN/projeto/ghost-cloud/jmeter/bin
2023-01-14 19:27:53,546 INFO o.a.j.JMeter: PWD       =/mnt/d/uni/4ano/ASCN/projeto/ghost-cloud/jmeter/bin
2023-01-14 19:27:53,546 INFO o.a.j.JMeter: IP: 127.0.1.1 Name: DESKTOP-VR2PTU2 FullName: DESKTOP-VR2PTU2.
2023-01-14 19:27:53,558 ERROR o.a.j.JMeter: An error occurred: 
org.apache.jmeter.report.config.ConfigurationException: The file /mnt/d/uni/4ano/ASCN/projeto/ghost-cloud/jmeter/bin/jmeter/testes/admin_test.jmx doesn't exist or can't be opened
	at org.apache.jmeter.JMeter.runNonGui(JMeter.java:927) ~[ApacheJMeter_core.jar:5.5]
	at org.apache.jmeter.JMeter.startNonGui(JMeter.java:917) ~[ApacheJMeter_core.jar:5.5]
	at org.apache.jmeter.JMeter.start(JMeter.java:485) ~[ApacheJMeter_core.jar:5.5]
	at jdk.internal.reflect.NativeMethodAccessorImpl.invoke0(Native Method) ~[?:?]
	at jdk.internal.reflect.NativeMethodAccessorImpl.invoke(NativeMethodAccessorImpl.java:62) ~[?:?]
	at jdk.internal.reflect.DelegatingMethodAccessorImpl.invoke(DelegatingMethodAccessorImpl.java:43) ~[?:?]
	at java.lang.reflect.Method.invoke(Method.java:566) ~[?:?]
	at org.apache.jmeter.NewDriver.main(NewDriver.java:259) ~[ApacheJMeter.jar:5.5]
